<?xml version="1.0" encoding="UTF-8"?>
<!-- Generated by org.testng.reporters.JUnitReportReporter -->
<testsuite hostname="suraj" failures="0" tests="5" name="com.vyasa.automation.testing.HomePageAutomation" time="9.107" errors="0" timestamp="2022-10-06T17:03:40 IST" skipped="0">
  <testcase classname="com.vyasa.automation.testing.HomePageAutomation" name="verifyHomePageLoaded" time="0.025"/>
  <system-out/>
  <testcase classname="com.vyasa.automation.testing.HomePageAutomation" name="verifyNewArrivalsDisplayed" time="0.097"/>
  <system-out/>
  <testcase classname="com.vyasa.automation.testing.HomePageAutomation" name="verifyHomePageWithThreeSliders" time="0.055"/>
  <system-out/>
  <testcase classname="com.vyasa.automation.testing.HomePageAutomation" name="verifyHomePageWithThreeArrivals" time="0.038"/>
  <system-out/>
  <testcase classname="com.vyasa.automation.testing.HomePageAutomation" name="verifyHomePageWithThreeArrivalsNavigation" time="8.892"/>
  <system-out/>
</testsuite> <!-- com.vyasa.automation.testing.HomePageAutomation -->
