<?xml version="1.0" encoding="UTF-8"?>
<!-- Generated by org.testng.reporters.JUnitReportReporter -->
<testsuite hostname="suraj" failures="0" tests="1" name="com.vyasa.automation.testing.TestNGAnnotations1" time="0.016" errors="0" timestamp="2022-10-06T17:03:40 IST" skipped="0">
  <testcase classname="com.vyasa.automation.testing.TestNGAnnotations1" name="testMethod" time="0.016"/>
  <system-out/>
</testsuite> <!-- com.vyasa.automation.testing.TestNGAnnotations1 -->
