<?xml version="1.0" encoding="UTF-8"?>
<!-- Generated by org.testng.reporters.JUnitReportReporter -->
<testsuite hostname="suraj" failures="0" tests="4" name="com.vyasa.automation.testing.DataProviderDemo" time="12.813" errors="0" timestamp="2022-10-06T17:03:40 IST" skipped="0">
  <testcase classname="com.vyasa.automation.testing.DataProviderDemo" name="verifUserLogon" time="2.665"/>
  <system-out/>
  <testcase classname="com.vyasa.automation.testing.DataProviderDemo" name="verifUserLogon" time="2.799"/>
  <system-out/>
  <testcase classname="com.vyasa.automation.testing.DataProviderDemo" name="verifUserLogon" time="4.664"/>
  <system-out/>
  <testcase classname="com.vyasa.automation.testing.DataProviderDemo" name="verifUserLogon" time="2.685"/>
  <system-out/>
</testsuite> <!-- com.vyasa.automation.testing.DataProviderDemo -->
