<?xml version="1.0" encoding="UTF-8"?>
<!-- Generated by org.testng.reporters.JUnitReportReporter -->
<testsuite hostname="suraj" failures="0" tests="2" name="com.vyasa.automation.testing.OpenBrowers" time="1.175" errors="0" timestamp="2022-10-06T17:05:34 IST" skipped="0">
  <testcase classname="com.vyasa.automation.testing.OpenBrowers" name="verifyCartDisplayed" time="1.110"/>
  <system-out/>
  <testcase classname="com.vyasa.automation.testing.OpenBrowers" name="verifyHomePageLoaded" time="0.065"/>
  <system-out/>
</testsuite> <!-- com.vyasa.automation.testing.OpenBrowers -->
