<?xml version="1.0" encoding="UTF-8"?>
<!-- Generated by org.testng.reporters.JUnitReportReporter -->
<testsuite hostname="suraj" failures="0" tests="4" name="com.vyasa.automation.testing.DataProviderDemo" time="10.589" errors="0" timestamp="2022-10-06T17:05:34 IST" skipped="0">
  <testcase classname="com.vyasa.automation.testing.DataProviderDemo" name="verifUserLogon" time="2.682"/>
  <system-out/>
  <testcase classname="com.vyasa.automation.testing.DataProviderDemo" name="verifUserLogon" time="2.718"/>
  <system-out/>
  <testcase classname="com.vyasa.automation.testing.DataProviderDemo" name="verifUserLogon" time="2.767"/>
  <system-out/>
  <testcase classname="com.vyasa.automation.testing.DataProviderDemo" name="verifUserLogon" time="2.422"/>
  <system-out/>
</testsuite> <!-- com.vyasa.automation.testing.DataProviderDemo -->
