<?xml version="1.0" encoding="UTF-8"?>
<!-- Generated by org.testng.reporters.JUnitReportReporter -->
<testsuite hostname="suraj" failures="0" tests="1" name="com.vyasa.automation.testing.TestNGAnnotations" time="0.009" errors="0" timestamp="2022-10-06T17:05:34 IST" skipped="0">
  <testcase classname="com.vyasa.automation.testing.TestNGAnnotations" name="testMethod" time="0.009"/>
  <system-out/>
</testsuite> <!-- com.vyasa.automation.testing.TestNGAnnotations -->
